{"name": "test_credkart_login_params_004[credkart_login_data1]", "status": "broken", "statusDetails": {"message": "selenium.common.exceptions.NoSuchElementException: Message: no such element: Unable to locate element: {\"method\":\"xpath\",\"selector\":\"//input[@id='email']\"}\n  (Session info: chrome=144.0.7559.110); For documentation on this error, please visit: https://www.selenium.dev/documentation/webdriver/troubleshooting/errors#nosuchelementexception\nStacktrace:\nSymbols not available. Dumping unresolved backtrace:\n\t0x7ff7a0ae5715\n\t0x7ff7a0ae5770\n\t0x7ff7a089108d\n\t0x7ff7a08ec3be\n\t0x7ff7a08ec6cc\n\t0x7ff7a093d2f7\n\t0x7ff7a0939e45\n\t0x7ff7a08dcc28\n\t0x7ff7a08ddb33\n\t0x7ff7a0dce9f0\n\t0x7ff7a0dc8ded\n\t0x7ff7a0de969a\n\t0x7ff7a0b011e5\n\t0x7ff7a0b099cc\n\t0x7ff7a0aeebf4\n\t0x7ff7a0aeeda6\n\t0x7ff7a0ad4e87\n\t0x7ffb7c7c259d\n\t0x7ffb7e5eaf38", "trace": "self = <testcases.test_CredKart_login_through_params_003.Test_User_Login_By_Parameters object at 0x0000029B7D638190>\ncredkart_login_data = ('Credencetest@test.com12x', 'Credence@123', 'login_fail')\n\n    @pytest.mark.sanity\n    @pytest.mark.regression\n    @pytest.mark.web\n    @pytest.mark.parameters\n    @pytest.mark.usefixtures(\"browser_setup\")\n    def test_credkart_login_params_004(self,credkart_login_data):\n        self.email_id = credkart_login_data[0]\n        self.password_data = credkart_login_data[1]\n        self.expected_result = credkart_login_data[2]\n    \n        #Empty result list\n        result_list=[]\n    \n    \n        self.log.info(f\"email_id-->{self.email_id}\")\n        self.log.info(f\"password_data-->{self.password_data}\")\n        self.log.info(f\"expected_result-->{self.expected_result}\")\n    \n        #Opening Browser and opening url\n        self.log.info(f\"opening login_url-->{self.login_url}\")\n        self.driver.get(\"https://automation.credence.in/login\")\n    \n    \n        self.lp=Login_Page_Class(self.driver)  #  #login page class's object creation\n    \n        if self.driver.title==\"CredKart\":\n            self.log.info(f\"You're Landed on correct Page and its title is-->{self.driver.title}\")\n    \n            #Enter Username\n>           self.lp.enter_email(self.email_id)\n\ntestcases\\test_CredKart_login_through_params_003.py:42: \n_ _ _ _ _ _ _ _ _ _ _ _ _ _ _ _ _ _ _ _ _ _ _ _ _ _ _ _ _ _ _ _ _ _ _ _ _ _ _ _ _ _ _ _ _ _ _ _ _ _ _ _ _ _ _ _ _ _ _ _ _ _ _ _ _ _ _ _ _ _ _ _ _ _\npageObjects\\Login_Page.py:21: in enter_email\n    self.driver.find_element(By.XPATH,self.text_email_xpath).send_keys(email)\n    ^^^^^^^^^^^^^^^^^^^^^^^^^^^^^^^^^^^^^^^^^^^^^^^^^^^^^^^^\n.venv\\Lib\\site-packages\\selenium\\webdriver\\remote\\webdriver.py:802: in find_element\n    return self.execute(Command.FIND_ELEMENT, {\"using\": by, \"value\": value})[\"value\"]\n           ^^^^^^^^^^^^^^^^^^^^^^^^^^^^^^^^^^^^^^^^^^^^^^^^^^^^^^^^^^^^^^^^^\n.venv\\Lib\\site-packages\\selenium\\webdriver\\remote\\webdriver.py:432: in execute\n    self.error_handler.check_response(response)\n_ _ _ _ _ _ _ _ _ _ _ _ _ _ _ _ _ _ _ _ _ _ _ _ _ _ _ _ _ _ _ _ _ _ _ _ _ _ _ _ _ _ _ _ _ _ _ _ _ _ _ _ _ _ _ _ _ _ _ _ _ _ _ _ _ _ _ _ _ _ _ _ _ _\n\nself = <selenium.webdriver.remote.errorhandler.ErrorHandler object at 0x0000029B7DB08A50>\nresponse = {'status': 404, 'value': '{\"value\":{\"error\":\"no such element\",\"message\":\"no such element: Unable to locate element: {\\...ff7a0b099cc\\\\n\\\\t0x7ff7a0aeebf4\\\\n\\\\t0x7ff7a0aeeda6\\\\n\\\\t0x7ff7a0ad4e87\\\\n\\\\t0x7ffb7c7c259d\\\\n\\\\t0x7ffb7e5eaf38\\\\n\"}}'}\n\n    def check_response(self, response: dict[str, Any]) -> None:\n        \"\"\"Check that a JSON response from the WebDriver does not have an error.\n    \n        Args:\n            response: The JSON response from the WebDriver server as a dictionary\n                object.\n    \n        Raises:\n            WebDriverException: If the response contains an error message.\n        \"\"\"\n        status = response.get(\"status\", None)\n        if not status or status == ErrorCode.SUCCESS:\n            return\n        value = None\n        message = response.get(\"message\", \"\")\n        screen: str = response.get(\"screen\", \"\")\n        stacktrace = None\n        if isinstance(status, int):\n            value_json = response.get(\"value\", None)\n            if value_json and isinstance(value_json, str):\n                try:\n                    value = json.loads(value_json)\n                    if isinstance(value, dict):\n                        if len(value) == 1:\n                            value = value[\"value\"]\n                        status = value.get(\"error\", None)\n                        if not status:\n                            status = value.get(\"status\", ErrorCode.UNKNOWN_ERROR)\n                            message = value.get(\"value\") or value.get(\"message\")\n                            if not isinstance(message, str):\n                                value = message\n                                message = message.get(\"message\") if isinstance(message, dict) else None\n                        else:\n                            message = value.get(\"message\", None)\n                except ValueError:\n                    pass\n    \n        exception_class: type[WebDriverException]\n        e = ErrorCode()\n        error_codes = [item for item in dir(e) if not item.startswith(\"__\")]\n        for error_code in error_codes:\n            error_info = getattr(ErrorCode, error_code)\n            if isinstance(error_info, list) and status in error_info:\n                exception_class = getattr(ExceptionMapping, error_code, WebDriverException)\n                break\n        else:\n            exception_class = WebDriverException\n    \n        if not value:\n            value = response[\"value\"]\n        if isinstance(value, str):\n            raise exception_class(value)\n        if message == \"\" and \"message\" in value:\n            message = value[\"message\"]\n    \n        screen = None  # type: ignore[assignment]\n        if \"screen\" in value:\n            screen = value[\"screen\"]\n    \n        stacktrace = None\n        st_value = value.get(\"stackTrace\") or value.get(\"stacktrace\")\n        if st_value:\n            if isinstance(st_value, str):\n                stacktrace = st_value.split(\"\\n\")\n            else:\n                stacktrace = []\n                try:\n                    for frame in st_value:\n                        line = frame.get(\"lineNumber\", \"\")\n                        file = frame.get(\"fileName\", \"<anonymous>\")\n                        if line:\n                            file = f\"{file}:{line}\"\n                        meth = frame.get(\"methodName\", \"<anonymous>\")\n                        if \"className\" in frame:\n                            meth = f\"{frame['className']}.{meth}\"\n                        msg = \"    at %s (%s)\"\n                        msg = msg % (meth, file)\n                        stacktrace.append(msg)\n                except TypeError:\n                    pass\n        if exception_class == UnexpectedAlertPresentException:\n            alert_text = None\n            if \"data\" in value:\n                alert_text = value[\"data\"].get(\"text\")\n            elif \"alert\" in value:\n                alert_text = value[\"alert\"].get(\"text\")\n            raise exception_class(message, screen, stacktrace, alert_text)  # type: ignore[call-arg]  # mypy is not smart enough here\n>       raise exception_class(message, screen, stacktrace)\nE       selenium.common.exceptions.NoSuchElementException: Message: no such element: Unable to locate element: {\"method\":\"xpath\",\"selector\":\"//input[@id='email']\"}\nE         (Session info: chrome=144.0.7559.110); For documentation on this error, please visit: https://www.selenium.dev/documentation/webdriver/troubleshooting/errors#nosuchelementexception\nE       Stacktrace:\nE       Symbols not available. Dumping unresolved backtrace:\nE       \t0x7ff7a0ae5715\nE       \t0x7ff7a0ae5770\nE       \t0x7ff7a089108d\nE       \t0x7ff7a08ec3be\nE       \t0x7ff7a08ec6cc\nE       \t0x7ff7a093d2f7\nE       \t0x7ff7a0939e45\nE       \t0x7ff7a08dcc28\nE       \t0x7ff7a08ddb33\nE       \t0x7ff7a0dce9f0\nE       \t0x7ff7a0dc8ded\nE       \t0x7ff7a0de969a\nE       \t0x7ff7a0b011e5\nE       \t0x7ff7a0b099cc\nE       \t0x7ff7a0aeebf4\nE       \t0x7ff7a0aeeda6\nE       \t0x7ff7a0ad4e87\nE       \t0x7ffb7c7c259d\nE       \t0x7ffb7e5eaf38\n\n.venv\\Lib\\site-packages\\selenium\\webdriver\\remote\\errorhandler.py:232: NoSuchElementException"}, "attachments": [{"name": "log", "source": "1c2a8f29-3f2c-41b9-b222-69f57616b5c7-attachment.txt", "type": "text/plain"}], "parameters": [{"name": "credkart_login_data", "value": "('Credencetest@test.com12x', 'Credence@123', 'login_fail')"}], "start": 1770200065504, "stop": 1770200085967, "uuid": "142fb5ff-d8e5-481a-b12e-f35db2210c3a", "historyId": "f7a8654dbb7d5582a9f56ba185a899e5", "testCaseId": "4a5363165a1992c93c9b53a1f7f24ac9", "fullName": "testcases.test_CredKart_login_through_params_003.Test_User_Login_By_Parameters#test_credkart_login_params_004", "labels": [{"name": "tag", "value": "parameters"}, {"name": "tag", "value": "web"}, {"name": "tag", "value": "regression"}, {"name": "tag", "value": "sanity"}, {"name": "parentSuite", "value": "testcases"}, {"name": "suite", "value": "test_CredKart_login_through_params_003"}, {"name": "subSuite", "value": "Test_User_Login_By_Parameters"}, {"name": "host", "value": "DESKTOP-QNNS6AQ"}, {"name": "thread", "value": "6516-MainThread"}, {"name": "framework", "value": "pytest"}, {"name": "language", "value": "cpython3"}, {"name": "package", "value": "testcases.test_CredKart_login_through_params_003"}], "titlePath": ["testcases", "test_CredKart_login_through_params_003.py", "Test_User_Login_By_Parameters"]}