{"name": "test_credkart_registration_excel_ddt_005", "status": "broken", "statusDetails": {"message": "selenium.common.exceptions.NoSuchElementException: Message: no such element: Unable to locate element: {\"method\":\"xpath\",\"selector\":\"//input[@id='name']\"}\n  (Session info: chrome=144.0.7559.110); For documentation on this error, please visit: https://www.selenium.dev/documentation/webdriver/troubleshooting/errors#nosuchelementexception\nStacktrace:\nSymbols not available. Dumping unresolved backtrace:\n\t0x7ff7a0ae5715\n\t0x7ff7a0ae5770\n\t0x7ff7a089108d\n\t0x7ff7a08ec3be\n\t0x7ff7a08ec6cc\n\t0x7ff7a093d2f7\n\t0x7ff7a0939e45\n\t0x7ff7a08dcc28\n\t0x7ff7a08ddb33\n\t0x7ff7a0dce9f0\n\t0x7ff7a0dc8ded\n\t0x7ff7a0de969a\n\t0x7ff7a0b011e5\n\t0x7ff7a0b099cc\n\t0x7ff7a0aeebf4\n\t0x7ff7a0aeeda6\n\t0x7ff7a0ad4e87\n\t0x7ffb7c7c259d\n\t0x7ffb7e5eaf38", "trace": "self = <testcases.test_CredKart_Registration_Excel_004.Test_User_Profile object at 0x000001FE7743C690>\n\n    @pytest.mark.smoke\n    #@pytest.mark.flaky(reruns=2, reruns_delay=1)\n    #@pytest.mark.dependency(depends=[\"test_credkart_registration\"])\n    #@pytest.mark.order(5)\n    \n    def test_credkart_registration_excel_ddt_005(self):\n    \n    \n        self.rp=Registration_Page_class(self.driver) #rp object created\n    \n        #Reading data from Excel\n        max_rows=Excel_Methods.get_rows_count(self.excel_path,self.sheet_name)\n    \n        result_list=[]\n    \n        for i in range(2,max_rows+1):\n            self.driver.get(self.register_url)\n    \n            self.name=Excel_Methods.read_data_from_excel(self.excel_path,self.sheet_name,i,2)\n            self.email = Excel_Methods.read_data_from_excel(self.excel_path, self.sheet_name, i, 3)\n            self.password = Excel_Methods.read_data_from_excel(self.excel_path, self.sheet_name, i, 4)\n            self.confirm_password = Excel_Methods.read_data_from_excel(self.excel_path, self.sheet_name, i, 5)\n            self.expected_result = Excel_Methods.read_data_from_excel(self.excel_path, self.sheet_name, i, 6)\n    \n            #Enter name\n>           self.rp.enter_name(self.name)\n\ntestcases\\test_CredKart_Registration_Excel_004.py:42: \n_ _ _ _ _ _ _ _ _ _ _ _ _ _ _ _ _ _ _ _ _ _ _ _ _ _ _ _ _ _ _ _ _ _ _ _ _ _ _ _\npageObjects\\Registration_Page.py:15: in enter_name\n    self.driver.find_element(By.XPATH,self.text_name_xpath).send_keys(name)\n    ^^^^^^^^^^^^^^^^^^^^^^^^^^^^^^^^^^^^^^^^^^^^^^^^^^^^^^^\n.venv\\Lib\\site-packages\\selenium\\webdriver\\remote\\webdriver.py:802: in find_element\n    return self.execute(Command.FIND_ELEMENT, {\"using\": by, \"value\": value})[\"value\"]\n           ^^^^^^^^^^^^^^^^^^^^^^^^^^^^^^^^^^^^^^^^^^^^^^^^^^^^^^^^^^^^^^^^^\n.venv\\Lib\\site-packages\\selenium\\webdriver\\remote\\webdriver.py:432: in execute\n    self.error_handler.check_response(response)\n_ _ _ _ _ _ _ _ _ _ _ _ _ _ _ _ _ _ _ _ _ _ _ _ _ _ _ _ _ _ _ _ _ _ _ _ _ _ _ _\n\nself = <selenium.webdriver.remote.errorhandler.ErrorHandler object at 0x000001FE774E97F0>\nresponse = {'status': 404, 'value': '{\"value\":{\"error\":\"no such element\",\"message\":\"no such element: Unable to locate element: {\\...ff7a0b099cc\\\\n\\\\t0x7ff7a0aeebf4\\\\n\\\\t0x7ff7a0aeeda6\\\\n\\\\t0x7ff7a0ad4e87\\\\n\\\\t0x7ffb7c7c259d\\\\n\\\\t0x7ffb7e5eaf38\\\\n\"}}'}\n\n    def check_response(self, response: dict[str, Any]) -> None:\n        \"\"\"Check that a JSON response from the WebDriver does not have an error.\n    \n        Args:\n            response: The JSON response from the WebDriver server as a dictionary\n                object.\n    \n        Raises:\n            WebDriverException: If the response contains an error message.\n        \"\"\"\n        status = response.get(\"status\", None)\n        if not status or status == ErrorCode.SUCCESS:\n            return\n        value = None\n        message = response.get(\"message\", \"\")\n        screen: str = response.get(\"screen\", \"\")\n        stacktrace = None\n        if isinstance(status, int):\n            value_json = response.get(\"value\", None)\n            if value_json and isinstance(value_json, str):\n                try:\n                    value = json.loads(value_json)\n                    if isinstance(value, dict):\n                        if len(value) == 1:\n                            value = value[\"value\"]\n                        status = value.get(\"error\", None)\n                        if not status:\n                            status = value.get(\"status\", ErrorCode.UNKNOWN_ERROR)\n                            message = value.get(\"value\") or value.get(\"message\")\n                            if not isinstance(message, str):\n                                value = message\n                                message = message.get(\"message\") if isinstance(message, dict) else None\n                        else:\n                            message = value.get(\"message\", None)\n                except ValueError:\n                    pass\n    \n        exception_class: type[WebDriverException]\n        e = ErrorCode()\n        error_codes = [item for item in dir(e) if not item.startswith(\"__\")]\n        for error_code in error_codes:\n            error_info = getattr(ErrorCode, error_code)\n            if isinstance(error_info, list) and status in error_info:\n                exception_class = getattr(ExceptionMapping, error_code, WebDriverException)\n                break\n        else:\n            exception_class = WebDriverException\n    \n        if not value:\n            value = response[\"value\"]\n        if isinstance(value, str):\n            raise exception_class(value)\n        if message == \"\" and \"message\" in value:\n            message = value[\"message\"]\n    \n        screen = None  # type: ignore[assignment]\n        if \"screen\" in value:\n            screen = value[\"screen\"]\n    \n        stacktrace = None\n        st_value = value.get(\"stackTrace\") or value.get(\"stacktrace\")\n        if st_value:\n            if isinstance(st_value, str):\n                stacktrace = st_value.split(\"\\n\")\n            else:\n                stacktrace = []\n                try:\n                    for frame in st_value:\n                        line = frame.get(\"lineNumber\", \"\")\n                        file = frame.get(\"fileName\", \"<anonymous>\")\n                        if line:\n                            file = f\"{file}:{line}\"\n                        meth = frame.get(\"methodName\", \"<anonymous>\")\n                        if \"className\" in frame:\n                            meth = f\"{frame['className']}.{meth}\"\n                        msg = \"    at %s (%s)\"\n                        msg = msg % (meth, file)\n                        stacktrace.append(msg)\n                except TypeError:\n                    pass\n        if exception_class == UnexpectedAlertPresentException:\n            alert_text = None\n            if \"data\" in value:\n                alert_text = value[\"data\"].get(\"text\")\n            elif \"alert\" in value:\n                alert_text = value[\"alert\"].get(\"text\")\n            raise exception_class(message, screen, stacktrace, alert_text)  # type: ignore[call-arg]  # mypy is not smart enough here\n>       raise exception_class(message, screen, stacktrace)\nE       selenium.common.exceptions.NoSuchElementException: Message: no such element: Unable to locate element: {\"method\":\"xpath\",\"selector\":\"//input[@id='name']\"}\nE         (Session info: chrome=144.0.7559.110); For documentation on this error, please visit: https://www.selenium.dev/documentation/webdriver/troubleshooting/errors#nosuchelementexception\nE       Stacktrace:\nE       Symbols not available. Dumping unresolved backtrace:\nE       \t0x7ff7a0ae5715\nE       \t0x7ff7a0ae5770\nE       \t0x7ff7a089108d\nE       \t0x7ff7a08ec3be\nE       \t0x7ff7a08ec6cc\nE       \t0x7ff7a093d2f7\nE       \t0x7ff7a0939e45\nE       \t0x7ff7a08dcc28\nE       \t0x7ff7a08ddb33\nE       \t0x7ff7a0dce9f0\nE       \t0x7ff7a0dc8ded\nE       \t0x7ff7a0de969a\nE       \t0x7ff7a0b011e5\nE       \t0x7ff7a0b099cc\nE       \t0x7ff7a0aeebf4\nE       \t0x7ff7a0aeeda6\nE       \t0x7ff7a0ad4e87\nE       \t0x7ffb7c7c259d\nE       \t0x7ffb7e5eaf38\n\n.venv\\Lib\\site-packages\\selenium\\webdriver\\remote\\errorhandler.py:232: NoSuchElementException"}, "attachments": [{"name": "stdout", "source": "ae762479-8058-49c7-be82-e9f5a0701444-attachment.txt", "type": "text/plain"}], "start": 1770197423372, "stop": 1770197450473, "uuid": "64cfa401-793a-4539-95d3-617931eda2d5", "historyId": "ba44b766c2e0d5fecb009874c13dd0ae", "testCaseId": "ba44b766c2e0d5fecb009874c13dd0ae", "fullName": "testcases.test_CredKart_Registration_Excel_004.Test_User_Profile#test_credkart_registration_excel_ddt_005", "labels": [{"name": "tag", "value": "smoke"}, {"name": "parentSuite", "value": "testcases"}, {"name": "suite", "value": "test_CredKart_Registration_Excel_004"}, {"name": "subSuite", "value": "Test_User_Profile"}, {"name": "host", "value": "DESKTOP-QNNS6AQ"}, {"name": "thread", "value": "15400-MainThread"}, {"name": "framework", "value": "pytest"}, {"name": "language", "value": "cpython3"}, {"name": "package", "value": "testcases.test_CredKart_Registration_Excel_004"}], "titlePath": ["testcases", "test_CredKart_Registration_Excel_004.py", "Test_User_Profile"]}