{"uid":"49c9cd18f3955523","name":"test_credkart_registration","fullName":"testcases.test_CredKart_User_Profile_001.Test_User_Profile#test_credkart_registration","historyId":"f9cd0539e03bc63acb631d3b21afc4eb","time":{"start":1770271033700,"stop":1770271054605,"duration":20905},"status":"failed","statusMessage":"AssertionError: User Registration Fail\nassert False","statusTrace":"self = <testcases.test_CredKart_User_Profile_001.Test_User_Profile object at 0x000001D55ECB1810>\n\n    @pytest.mark.smoke\n    @pytest.mark.flaky(reruns=2, reruns_delay=1)\n    #@pytest.mark.dependency(depends=[\"test_credkart_registration\"])\n    #@pytest.mark.order(3)\n    def test_credkart_registration(self):\n        self.log.info(\"Testcase test_Credkart_login_002 is started\")\n        self.driver.get(self.register_url)\n        self.log.info(f\"Opening browser and getting {self.register_url}\")\n    \n        fake_username=Faker().user_name()\n        fake_email=Faker().email()\n        password_data = \"Credence_user_101@123\"\n        self.log.info(f\"Generated fake data for username--> {fake_username} and email --> {fake_email}\")\n        print(f\"fake_username--> {fake_username}\")  # New\n        print(f\"fake_email--> {fake_email}\")  # New\n    \n        rp=Registration_Page_class(self.driver)\n    \n        # Enter username\n        self.log.info(f\"Entering the Username--> {fake_username}\")\n        rp.enter_name(fake_username)\n    \n        # Enter Email\n        self.log.info(f\"Entering the Email--> {fake_email}\")\n        rp.enter_email(fake_email)\n    \n        # Enter Password\n        self.log.info(\"Entering the Password\")\n        rp.enter_password(password_data)\n    \n        #Enter Confirm password\n        self.log.info(\"Entering the Confirm Password\")\n        rp.enter_confirm_password(password_data)\n    \n        #click on register button\n        self.log.info(\"Clicking on register button\")\n        rp.click_login_register_button()\n    \n        if rp.verify_menu_button_visibility()==\"pass\":\n            self.log.info(f\"User registration successful and taking screenshot\")\n            self.driver.save_screenshot(\".\\\\Screenshot\\\\test_credkart_registration_003_pass.png\")\n            self.log.info(f\"Clicking on menu button\")\n            rp.click_menu_button()\n            self.log.info(f\"Clicking on logout button\")\n            rp.click_logout_button()\n        else:\n            self.log.info(f\"User registration fail and taking screenshot\")\n            self.driver.save_screenshot(\".\\\\Screenshot\\\\test_credkart_registration_003_fail.png\")\n>           assert False,\"User Registration Fail\"\nE           AssertionError: User Registration Fail\nE           assert False\n\ntestcases\\test_CredKart_User_Profile_001.py:158: AssertionError","flaky":false,"newFailed":false,"newBroken":false,"newPassed":false,"retriesCount":0,"retriesStatusChange":false,"beforeStages":[{"name":"_session_faker","time":{"start":1770270924969,"stop":1770270925388,"duration":419},"status":"passed","steps":[],"attachments":[],"parameters":[],"attachmentsCount":0,"shouldDisplayMessage":false,"stepsCount":0,"attachmentStep":false,"hasContent":false},{"name":"browser_setup","time":{"start":1770271002592,"stop":1770271007453,"duration":4861},"status":"passed","steps":[],"attachments":[],"parameters":[],"attachmentsCount":0,"shouldDisplayMessage":false,"stepsCount":0,"attachmentStep":false,"hasContent":false},{"name":"browser_setup","time":{"start":1770271078883,"stop":1770271083593,"duration":4710},"status":"passed","steps":[],"attachments":[],"parameters":[],"attachmentsCount":0,"shouldDisplayMessage":false,"stepsCount":0,"attachmentStep":false,"hasContent":false}],"testStage":{"status":"failed","statusMessage":"AssertionError: User Registration Fail\nassert False","statusTrace":"self = <testcases.test_CredKart_User_Profile_001.Test_User_Profile object at 0x000001D55ECB1810>\n\n    @pytest.mark.smoke\n    @pytest.mark.flaky(reruns=2, reruns_delay=1)\n    #@pytest.mark.dependency(depends=[\"test_credkart_registration\"])\n    #@pytest.mark.order(3)\n    def test_credkart_registration(self):\n        self.log.info(\"Testcase test_Credkart_login_002 is started\")\n        self.driver.get(self.register_url)\n        self.log.info(f\"Opening browser and getting {self.register_url}\")\n    \n        fake_username=Faker().user_name()\n        fake_email=Faker().email()\n        password_data = \"Credence_user_101@123\"\n        self.log.info(f\"Generated fake data for username--> {fake_username} and email --> {fake_email}\")\n        print(f\"fake_username--> {fake_username}\")  # New\n        print(f\"fake_email--> {fake_email}\")  # New\n    \n        rp=Registration_Page_class(self.driver)\n    \n        # Enter username\n        self.log.info(f\"Entering the Username--> {fake_username}\")\n        rp.enter_name(fake_username)\n    \n        # Enter Email\n        self.log.info(f\"Entering the Email--> {fake_email}\")\n        rp.enter_email(fake_email)\n    \n        # Enter Password\n        self.log.info(\"Entering the Password\")\n        rp.enter_password(password_data)\n    \n        #Enter Confirm password\n        self.log.info(\"Entering the Confirm Password\")\n        rp.enter_confirm_password(password_data)\n    \n        #click on register button\n        self.log.info(\"Clicking on register button\")\n        rp.click_login_register_button()\n    \n        if rp.verify_menu_button_visibility()==\"pass\":\n            self.log.info(f\"User registration successful and taking screenshot\")\n            self.driver.save_screenshot(\".\\\\Screenshot\\\\test_credkart_registration_003_pass.png\")\n            self.log.info(f\"Clicking on menu button\")\n            rp.click_menu_button()\n            self.log.info(f\"Clicking on logout button\")\n            rp.click_logout_button()\n        else:\n            self.log.info(f\"User registration fail and taking screenshot\")\n            self.driver.save_screenshot(\".\\\\Screenshot\\\\test_credkart_registration_003_fail.png\")\n>           assert False,\"User Registration Fail\"\nE           AssertionError: User Registration Fail\nE           assert False\n\ntestcases\\test_CredKart_User_Profile_001.py:158: AssertionError","steps":[],"attachments":[{"uid":"df52a35722c8ce89","name":"log","source":"df52a35722c8ce89.txt","type":"text/plain","size":1721}],"parameters":[],"attachmentsCount":1,"shouldDisplayMessage":true,"stepsCount":0,"attachmentStep":false,"hasContent":true},"afterStages":[{"name":"browser_setup::0","time":{"start":1770271076603,"stop":1770271078876,"duration":2273},"status":"passed","steps":[],"attachments":[],"parameters":[],"attachmentsCount":0,"shouldDisplayMessage":false,"stepsCount":0,"attachmentStep":false,"hasContent":false},{"name":"browser_setup::0","time":{"start":1770271149190,"stop":1770271151420,"duration":2230},"status":"passed","steps":[],"attachments":[],"parameters":[],"attachmentsCount":0,"shouldDisplayMessage":false,"stepsCount":0,"attachmentStep":false,"hasContent":false}],"labels":[{"name":"tag","value":"smoke"},{"name":"parentSuite","value":"testcases"},{"name":"suite","value":"test_CredKart_User_Profile_001"},{"name":"subSuite","value":"Test_User_Profile"},{"name":"host","value":"DESKTOP-QNNS6AQ"},{"name":"thread","value":"9056-MainThread"},{"name":"framework","value":"pytest"},{"name":"language","value":"cpython3"},{"name":"package","value":"testcases.test_CredKart_User_Profile_001"},{"name":"resultFormat","value":"allure2"}],"parameters":[],"links":[],"hidden":true,"retry":true,"extra":{"categories":[],"tags":["smoke"]},"source":"49c9cd18f3955523.json","parameterValues":[]}