{"uid":"5362d645790fb034","name":"test_credkart_registration","fullName":"testcases.test_CredKart_User_Profile_001.Test_User_Profile#test_credkart_registration","historyId":"f9cd0539e03bc63acb631d3b21afc4eb","time":{"start":1770271632357,"stop":1770271634121,"duration":1764},"status":"passed","flaky":false,"newFailed":false,"newBroken":false,"newPassed":false,"retriesCount":6,"retriesStatusChange":true,"beforeStages":[{"name":"_session_faker","time":{"start":1770271519722,"stop":1770271519823,"duration":101},"status":"passed","steps":[],"attachments":[],"parameters":[],"attachmentsCount":0,"shouldDisplayMessage":false,"stepsCount":0,"attachmentStep":false,"hasContent":false},{"name":"browser_setup","time":{"start":1770271599768,"stop":1770271606685,"duration":6917},"status":"passed","steps":[],"attachments":[],"parameters":[],"attachmentsCount":0,"shouldDisplayMessage":false,"stepsCount":0,"attachmentStep":false,"hasContent":false},{"name":"browser_setup","time":{"start":1770271636746,"stop":1770271643741,"duration":6995},"status":"passed","steps":[],"attachments":[],"parameters":[],"attachmentsCount":0,"shouldDisplayMessage":false,"stepsCount":0,"attachmentStep":false,"hasContent":false}],"testStage":{"status":"passed","steps":[],"attachments":[{"uid":"6c3f9dc0fcec8b7","name":"log","source":"6c3f9dc0fcec8b7.txt","type":"text/plain","size":1466},{"uid":"8a42d5c093fc5607","name":"stdout","source":"8a42d5c093fc5607.txt","type":"text/plain","size":144}],"parameters":[],"attachmentsCount":2,"shouldDisplayMessage":false,"stepsCount":0,"attachmentStep":false,"hasContent":true},"afterStages":[{"name":"browser_setup::0","time":{"start":1770271634122,"stop":1770271636739,"duration":2617},"status":"passed","steps":[],"attachments":[],"parameters":[],"attachmentsCount":0,"shouldDisplayMessage":false,"stepsCount":0,"attachmentStep":false,"hasContent":false},{"name":"browser_setup::0","time":{"start":1770271708943,"stop":1770271711195,"duration":2252},"status":"passed","steps":[],"attachments":[],"parameters":[],"attachmentsCount":0,"shouldDisplayMessage":false,"stepsCount":0,"attachmentStep":false,"hasContent":false}],"labels":[{"name":"tag","value":"smoke"},{"name":"parentSuite","value":"testcases"},{"name":"suite","value":"test_CredKart_User_Profile_001"},{"name":"subSuite","value":"Test_User_Profile"},{"name":"host","value":"DESKTOP-QNNS6AQ"},{"name":"thread","value":"12876-MainThread"},{"name":"framework","value":"pytest"},{"name":"language","value":"cpython3"},{"name":"package","value":"testcases.test_CredKart_User_Profile_001"},{"name":"resultFormat","value":"allure2"}],"parameters":[],"links":[],"hidden":false,"retry":false,"extra":{"severity":"normal","retries":[{"uid":"92cf5abfd9896d4b","status":"broken","statusDetails":"selenium.common.exceptions.NoSuchElementException: Message: no such element: Unable to locate element: {\"method\":\"xpath\",\"selector\":\"//input[@id='name']\"}\n  (Session info: MicrosoftEdge=144.0.3719.104); For documentation on this error, please visit: https://www.selenium.dev/documentation/webdriver/troubleshooting/errors#no-such-element-exception\nStacktrace:\nSymbols not available. Dumping unresolved backtrace:\n\t0x7ff7afd64bf5\n\t0x7ff7afd64c54\n\t0x7ff7b00b28f4\n\t0x7ff7afb06a9a\n\t0x7ff7afb06d35\n\t0x7ff7afb44b07\n\t0x7ff7afafd6b7\n\t0x7ff7afb428f7\n\t0x7ff7afafcbcc\n\t0x7ff7afafbe26\n\t0x7ff7afafc9f3\n\t0x7ff7afbc0214\n\t0x7ff7afbbc685\n\t0x7ff7afbcce73\n\t0x7ff7afd7ff28\n\t0x7ff7afd887f6\n\t0x7ff7afd6c2d4\n\t0x7ff7afd6c419\n\t0x7ff7afd5a2b2\n\t0x7ffb7c7c259d\n\t0x7ffb7e5eaf38","time":{"start":1770271609873,"stop":1770271630307,"duration":20434}},{"uid":"31df6006ee4898f9","status":"passed","time":{"start":1770271433724,"stop":1770271435555,"duration":1831}},{"uid":"1715700d9beaf282","status":"passed","time":{"start":1770271242546,"stop":1770271244968,"duration":2422}},{"uid":"d7de9a51dfbadb17","status":"failed","statusDetails":"AssertionError: User Registration Fail\nassert False","time":{"start":1770271055629,"stop":1770271076594,"duration":20965}},{"uid":"49c9cd18f3955523","status":"failed","statusDetails":"AssertionError: User Registration Fail\nassert False","time":{"start":1770271033700,"stop":1770271054605,"duration":20905}},{"uid":"af696dc56fc27fe4","status":"failed","statusDetails":"AssertionError: User Registration Fail\nassert False","time":{"start":1770271011488,"stop":1770271032128,"duration":20640}}],"categories":[],"tags":["smoke"]},"source":"5362d645790fb034.json","parameterValues":[]}