{"uid":"92cf5abfd9896d4b","name":"test_credkart_registration","fullName":"testcases.test_CredKart_User_Profile_001.Test_User_Profile#test_credkart_registration","historyId":"f9cd0539e03bc63acb631d3b21afc4eb","time":{"start":1770271609873,"stop":1770271630307,"duration":20434},"status":"broken","statusMessage":"selenium.common.exceptions.NoSuchElementException: Message: no such element: Unable to locate element: {\"method\":\"xpath\",\"selector\":\"//input[@id='name']\"}\n  (Session info: MicrosoftEdge=144.0.3719.104); For documentation on this error, please visit: https://www.selenium.dev/documentation/webdriver/troubleshooting/errors#no-such-element-exception\nStacktrace:\nSymbols not available. Dumping unresolved backtrace:\n\t0x7ff7afd64bf5\n\t0x7ff7afd64c54\n\t0x7ff7b00b28f4\n\t0x7ff7afb06a9a\n\t0x7ff7afb06d35\n\t0x7ff7afb44b07\n\t0x7ff7afafd6b7\n\t0x7ff7afb428f7\n\t0x7ff7afafcbcc\n\t0x7ff7afafbe26\n\t0x7ff7afafc9f3\n\t0x7ff7afbc0214\n\t0x7ff7afbbc685\n\t0x7ff7afbcce73\n\t0x7ff7afd7ff28\n\t0x7ff7afd887f6\n\t0x7ff7afd6c2d4\n\t0x7ff7afd6c419\n\t0x7ff7afd5a2b2\n\t0x7ffb7c7c259d\n\t0x7ffb7e5eaf38","statusTrace":"self = <testcases.test_CredKart_User_Profile_001.Test_User_Profile object at 0x0000023D32375940>\n\n    @pytest.mark.smoke\n    @pytest.mark.flaky(reruns=2, reruns_delay=1)\n    #@pytest.mark.dependency(depends=[\"test_credkart_registration\"])\n    #@pytest.mark.order(3)\n    def test_credkart_registration(self):\n        self.log.info(\"Testcase test_Credkart_login_002 is started\")\n        self.driver.get(self.register_url)\n        self.log.info(f\"Opening browser and getting {self.register_url}\")\n    \n        fake_username=Faker().user_name()\n        fake_email=Faker().email()\n        password_data = \"Credence_user_101@123\"\n        self.log.info(f\"Generated fake data for username--> {fake_username} and email --> {fake_email}\")\n        print(f\"fake_username--> {fake_username}\")  # New\n        print(f\"fake_email--> {fake_email}\")  # New\n    \n        rp=Registration_Page_class(self.driver)\n    \n        # Enter username\n        self.log.info(f\"Entering the Username--> {fake_username}\")\n>       rp.enter_name(fake_username)\n\ntestcases\\test_CredKart_User_Profile_001.py:130: \n_ _ _ _ _ _ _ _ _ _ _ _ _ _ _ _ _ _ _ _ _ _ _ _ _ _ _ _ _ _ _ _ _ _ _ _ _ _ _ _\npageObjects\\Registration_Page.py:15: in enter_name\n    self.driver.find_element(By.XPATH,self.text_name_xpath).send_keys(name)\n    ^^^^^^^^^^^^^^^^^^^^^^^^^^^^^^^^^^^^^^^^^^^^^^^^^^^^^^^\nC:\\Users\\Firoj\\AppData\\Local\\Programs\\Python\\Python313\\Lib\\site-packages\\selenium\\webdriver\\remote\\webdriver.py:914: in find_element\n    return self.execute(Command.FIND_ELEMENT, {\"using\": by, \"value\": value})[\"value\"]\n           ^^^^^^^^^^^^^^^^^^^^^^^^^^^^^^^^^^^^^^^^^^^^^^^^^^^^^^^^^^^^^^^^^\nC:\\Users\\Firoj\\AppData\\Local\\Programs\\Python\\Python313\\Lib\\site-packages\\selenium\\webdriver\\remote\\webdriver.py:447: in execute\n    self.error_handler.check_response(response)\n_ _ _ _ _ _ _ _ _ _ _ _ _ _ _ _ _ _ _ _ _ _ _ _ _ _ _ _ _ _ _ _ _ _ _ _ _ _ _ _\n\nself = <selenium.webdriver.remote.errorhandler.ErrorHandler object at 0x0000023D3240D950>\nresponse = {'status': 404, 'value': '{\"value\":{\"error\":\"no such element\",\"message\":\"no such element: Unable to locate element: {\\...ff7afd887f6\\\\n\\\\t0x7ff7afd6c2d4\\\\n\\\\t0x7ff7afd6c419\\\\n\\\\t0x7ff7afd5a2b2\\\\n\\\\t0x7ffb7c7c259d\\\\n\\\\t0x7ffb7e5eaf38\\\\n\"}}'}\n\n    def check_response(self, response: Dict[str, Any]) -> None:\n        \"\"\"Checks that a JSON response from the WebDriver does not have an\n        error.\n    \n        :Args:\n         - response - The JSON response from the WebDriver server as a dictionary\n           object.\n    \n        :Raises: If the response contains an error message.\n        \"\"\"\n        status = response.get(\"status\", None)\n        if not status or status == ErrorCode.SUCCESS:\n            return\n        value = None\n        message = response.get(\"message\", \"\")\n        screen: str = response.get(\"screen\", \"\")\n        stacktrace = None\n        if isinstance(status, int):\n            value_json = response.get(\"value\", None)\n            if value_json and isinstance(value_json, str):\n                import json\n    \n                try:\n                    value = json.loads(value_json)\n                    if len(value) == 1:\n                        value = value[\"value\"]\n                    status = value.get(\"error\", None)\n                    if not status:\n                        status = value.get(\"status\", ErrorCode.UNKNOWN_ERROR)\n                        message = value.get(\"value\") or value.get(\"message\")\n                        if not isinstance(message, str):\n                            value = message\n                            message = message.get(\"message\")\n                    else:\n                        message = value.get(\"message\", None)\n                except ValueError:\n                    pass\n    \n        exception_class: Type[WebDriverException]\n        e = ErrorCode()\n        error_codes = [item for item in dir(e) if not item.startswith(\"__\")]\n        for error_code in error_codes:\n            error_info = getattr(ErrorCode, error_code)\n            if isinstance(error_info, list) and status in error_info:\n                exception_class = getattr(ExceptionMapping, error_code, WebDriverException)\n                break\n        else:\n            exception_class = WebDriverException\n    \n        if not value:\n            value = response[\"value\"]\n        if isinstance(value, str):\n            raise exception_class(value)\n        if message == \"\" and \"message\" in value:\n            message = value[\"message\"]\n    \n        screen = None  # type: ignore[assignment]\n        if \"screen\" in value:\n            screen = value[\"screen\"]\n    \n        stacktrace = None\n        st_value = value.get(\"stackTrace\") or value.get(\"stacktrace\")\n        if st_value:\n            if isinstance(st_value, str):\n                stacktrace = st_value.split(\"\\n\")\n            else:\n                stacktrace = []\n                try:\n                    for frame in st_value:\n                        line = frame.get(\"lineNumber\", \"\")\n                        file = frame.get(\"fileName\", \"<anonymous>\")\n                        if line:\n                            file = f\"{file}:{line}\"\n                        meth = frame.get(\"methodName\", \"<anonymous>\")\n                        if \"className\" in frame:\n                            meth = f\"{frame['className']}.{meth}\"\n                        msg = \"    at %s (%s)\"\n                        msg = msg % (meth, file)\n                        stacktrace.append(msg)\n                except TypeError:\n                    pass\n        if exception_class == UnexpectedAlertPresentException:\n            alert_text = None\n            if \"data\" in value:\n                alert_text = value[\"data\"].get(\"text\")\n            elif \"alert\" in value:\n                alert_text = value[\"alert\"].get(\"text\")\n            raise exception_class(message, screen, stacktrace, alert_text)  # type: ignore[call-arg]  # mypy is not smart enough here\n>       raise exception_class(message, screen, stacktrace)\nE       selenium.common.exceptions.NoSuchElementException: Message: no such element: Unable to locate element: {\"method\":\"xpath\",\"selector\":\"//input[@id='name']\"}\nE         (Session info: MicrosoftEdge=144.0.3719.104); For documentation on this error, please visit: https://www.selenium.dev/documentation/webdriver/troubleshooting/errors#no-such-element-exception\nE       Stacktrace:\nE       Symbols not available. Dumping unresolved backtrace:\nE       \t0x7ff7afd64bf5\nE       \t0x7ff7afd64c54\nE       \t0x7ff7b00b28f4\nE       \t0x7ff7afb06a9a\nE       \t0x7ff7afb06d35\nE       \t0x7ff7afb44b07\nE       \t0x7ff7afafd6b7\nE       \t0x7ff7afb428f7\nE       \t0x7ff7afafcbcc\nE       \t0x7ff7afafbe26\nE       \t0x7ff7afafc9f3\nE       \t0x7ff7afbc0214\nE       \t0x7ff7afbbc685\nE       \t0x7ff7afbcce73\nE       \t0x7ff7afd7ff28\nE       \t0x7ff7afd887f6\nE       \t0x7ff7afd6c2d4\nE       \t0x7ff7afd6c419\nE       \t0x7ff7afd5a2b2\nE       \t0x7ffb7c7c259d\nE       \t0x7ffb7e5eaf38\n\nC:\\Users\\Firoj\\AppData\\Local\\Programs\\Python\\Python313\\Lib\\site-packages\\selenium\\webdriver\\remote\\errorhandler.py:232: NoSuchElementException","flaky":false,"newFailed":false,"newBroken":false,"newPassed":false,"retriesCount":0,"retriesStatusChange":false,"beforeStages":[{"name":"_session_faker","time":{"start":1770271519722,"stop":1770271519823,"duration":101},"status":"passed","steps":[],"attachments":[],"parameters":[],"attachmentsCount":0,"shouldDisplayMessage":false,"stepsCount":0,"attachmentStep":false,"hasContent":false},{"name":"browser_setup","time":{"start":1770271599768,"stop":1770271606685,"duration":6917},"status":"passed","steps":[],"attachments":[],"parameters":[],"attachmentsCount":0,"shouldDisplayMessage":false,"stepsCount":0,"attachmentStep":false,"hasContent":false},{"name":"browser_setup","time":{"start":1770271636746,"stop":1770271643741,"duration":6995},"status":"passed","steps":[],"attachments":[],"parameters":[],"attachmentsCount":0,"shouldDisplayMessage":false,"stepsCount":0,"attachmentStep":false,"hasContent":false}],"testStage":{"status":"broken","statusMessage":"selenium.common.exceptions.NoSuchElementException: Message: no such element: Unable to locate element: {\"method\":\"xpath\",\"selector\":\"//input[@id='name']\"}\n  (Session info: MicrosoftEdge=144.0.3719.104); For documentation on this error, please visit: https://www.selenium.dev/documentation/webdriver/troubleshooting/errors#no-such-element-exception\nStacktrace:\nSymbols not available. Dumping unresolved backtrace:\n\t0x7ff7afd64bf5\n\t0x7ff7afd64c54\n\t0x7ff7b00b28f4\n\t0x7ff7afb06a9a\n\t0x7ff7afb06d35\n\t0x7ff7afb44b07\n\t0x7ff7afafd6b7\n\t0x7ff7afb428f7\n\t0x7ff7afafcbcc\n\t0x7ff7afafbe26\n\t0x7ff7afafc9f3\n\t0x7ff7afbc0214\n\t0x7ff7afbbc685\n\t0x7ff7afbcce73\n\t0x7ff7afd7ff28\n\t0x7ff7afd887f6\n\t0x7ff7afd6c2d4\n\t0x7ff7afd6c419\n\t0x7ff7afd5a2b2\n\t0x7ffb7c7c259d\n\t0x7ffb7e5eaf38","statusTrace":"self = <testcases.test_CredKart_User_Profile_001.Test_User_Profile object at 0x0000023D32375940>\n\n    @pytest.mark.smoke\n    @pytest.mark.flaky(reruns=2, reruns_delay=1)\n    #@pytest.mark.dependency(depends=[\"test_credkart_registration\"])\n    #@pytest.mark.order(3)\n    def test_credkart_registration(self):\n        self.log.info(\"Testcase test_Credkart_login_002 is started\")\n        self.driver.get(self.register_url)\n        self.log.info(f\"Opening browser and getting {self.register_url}\")\n    \n        fake_username=Faker().user_name()\n        fake_email=Faker().email()\n        password_data = \"Credence_user_101@123\"\n        self.log.info(f\"Generated fake data for username--> {fake_username} and email --> {fake_email}\")\n        print(f\"fake_username--> {fake_username}\")  # New\n        print(f\"fake_email--> {fake_email}\")  # New\n    \n        rp=Registration_Page_class(self.driver)\n    \n        # Enter username\n        self.log.info(f\"Entering the Username--> {fake_username}\")\n>       rp.enter_name(fake_username)\n\ntestcases\\test_CredKart_User_Profile_001.py:130: \n_ _ _ _ _ _ _ _ _ _ _ _ _ _ _ _ _ _ _ _ _ _ _ _ _ _ _ _ _ _ _ _ _ _ _ _ _ _ _ _\npageObjects\\Registration_Page.py:15: in enter_name\n    self.driver.find_element(By.XPATH,self.text_name_xpath).send_keys(name)\n    ^^^^^^^^^^^^^^^^^^^^^^^^^^^^^^^^^^^^^^^^^^^^^^^^^^^^^^^\nC:\\Users\\Firoj\\AppData\\Local\\Programs\\Python\\Python313\\Lib\\site-packages\\selenium\\webdriver\\remote\\webdriver.py:914: in find_element\n    return self.execute(Command.FIND_ELEMENT, {\"using\": by, \"value\": value})[\"value\"]\n           ^^^^^^^^^^^^^^^^^^^^^^^^^^^^^^^^^^^^^^^^^^^^^^^^^^^^^^^^^^^^^^^^^\nC:\\Users\\Firoj\\AppData\\Local\\Programs\\Python\\Python313\\Lib\\site-packages\\selenium\\webdriver\\remote\\webdriver.py:447: in execute\n    self.error_handler.check_response(response)\n_ _ _ _ _ _ _ _ _ _ _ _ _ _ _ _ _ _ _ _ _ _ _ _ _ _ _ _ _ _ _ _ _ _ _ _ _ _ _ _\n\nself = <selenium.webdriver.remote.errorhandler.ErrorHandler object at 0x0000023D3240D950>\nresponse = {'status': 404, 'value': '{\"value\":{\"error\":\"no such element\",\"message\":\"no such element: Unable to locate element: {\\...ff7afd887f6\\\\n\\\\t0x7ff7afd6c2d4\\\\n\\\\t0x7ff7afd6c419\\\\n\\\\t0x7ff7afd5a2b2\\\\n\\\\t0x7ffb7c7c259d\\\\n\\\\t0x7ffb7e5eaf38\\\\n\"}}'}\n\n    def check_response(self, response: Dict[str, Any]) -> None:\n        \"\"\"Checks that a JSON response from the WebDriver does not have an\n        error.\n    \n        :Args:\n         - response - The JSON response from the WebDriver server as a dictionary\n           object.\n    \n        :Raises: If the response contains an error message.\n        \"\"\"\n        status = response.get(\"status\", None)\n        if not status or status == ErrorCode.SUCCESS:\n            return\n        value = None\n        message = response.get(\"message\", \"\")\n        screen: str = response.get(\"screen\", \"\")\n        stacktrace = None\n        if isinstance(status, int):\n            value_json = response.get(\"value\", None)\n            if value_json and isinstance(value_json, str):\n                import json\n    \n                try:\n                    value = json.loads(value_json)\n                    if len(value) == 1:\n                        value = value[\"value\"]\n                    status = value.get(\"error\", None)\n                    if not status:\n                        status = value.get(\"status\", ErrorCode.UNKNOWN_ERROR)\n                        message = value.get(\"value\") or value.get(\"message\")\n                        if not isinstance(message, str):\n                            value = message\n                            message = message.get(\"message\")\n                    else:\n                        message = value.get(\"message\", None)\n                except ValueError:\n                    pass\n    \n        exception_class: Type[WebDriverException]\n        e = ErrorCode()\n        error_codes = [item for item in dir(e) if not item.startswith(\"__\")]\n        for error_code in error_codes:\n            error_info = getattr(ErrorCode, error_code)\n            if isinstance(error_info, list) and status in error_info:\n                exception_class = getattr(ExceptionMapping, error_code, WebDriverException)\n                break\n        else:\n            exception_class = WebDriverException\n    \n        if not value:\n            value = response[\"value\"]\n        if isinstance(value, str):\n            raise exception_class(value)\n        if message == \"\" and \"message\" in value:\n            message = value[\"message\"]\n    \n        screen = None  # type: ignore[assignment]\n        if \"screen\" in value:\n            screen = value[\"screen\"]\n    \n        stacktrace = None\n        st_value = value.get(\"stackTrace\") or value.get(\"stacktrace\")\n        if st_value:\n            if isinstance(st_value, str):\n                stacktrace = st_value.split(\"\\n\")\n            else:\n                stacktrace = []\n                try:\n                    for frame in st_value:\n                        line = frame.get(\"lineNumber\", \"\")\n                        file = frame.get(\"fileName\", \"<anonymous>\")\n                        if line:\n                            file = f\"{file}:{line}\"\n                        meth = frame.get(\"methodName\", \"<anonymous>\")\n                        if \"className\" in frame:\n                            meth = f\"{frame['className']}.{meth}\"\n                        msg = \"    at %s (%s)\"\n                        msg = msg % (meth, file)\n                        stacktrace.append(msg)\n                except TypeError:\n                    pass\n        if exception_class == UnexpectedAlertPresentException:\n            alert_text = None\n            if \"data\" in value:\n                alert_text = value[\"data\"].get(\"text\")\n            elif \"alert\" in value:\n                alert_text = value[\"alert\"].get(\"text\")\n            raise exception_class(message, screen, stacktrace, alert_text)  # type: ignore[call-arg]  # mypy is not smart enough here\n>       raise exception_class(message, screen, stacktrace)\nE       selenium.common.exceptions.NoSuchElementException: Message: no such element: Unable to locate element: {\"method\":\"xpath\",\"selector\":\"//input[@id='name']\"}\nE         (Session info: MicrosoftEdge=144.0.3719.104); For documentation on this error, please visit: https://www.selenium.dev/documentation/webdriver/troubleshooting/errors#no-such-element-exception\nE       Stacktrace:\nE       Symbols not available. Dumping unresolved backtrace:\nE       \t0x7ff7afd64bf5\nE       \t0x7ff7afd64c54\nE       \t0x7ff7b00b28f4\nE       \t0x7ff7afb06a9a\nE       \t0x7ff7afb06d35\nE       \t0x7ff7afb44b07\nE       \t0x7ff7afafd6b7\nE       \t0x7ff7afb428f7\nE       \t0x7ff7afafcbcc\nE       \t0x7ff7afafbe26\nE       \t0x7ff7afafc9f3\nE       \t0x7ff7afbc0214\nE       \t0x7ff7afbbc685\nE       \t0x7ff7afbcce73\nE       \t0x7ff7afd7ff28\nE       \t0x7ff7afd887f6\nE       \t0x7ff7afd6c2d4\nE       \t0x7ff7afd6c419\nE       \t0x7ff7afd5a2b2\nE       \t0x7ffb7c7c259d\nE       \t0x7ffb7e5eaf38\n\nC:\\Users\\Firoj\\AppData\\Local\\Programs\\Python\\Python313\\Lib\\site-packages\\selenium\\webdriver\\remote\\errorhandler.py:232: NoSuchElementException","steps":[],"attachments":[{"uid":"1fcde3e7d9a81ff4","name":"log","source":"1fcde3e7d9a81ff4.txt","type":"text/plain","size":436},{"uid":"7e405b5e6ecad18f","name":"stdout","source":"7e405b5e6ecad18f.txt","type":"text/plain","size":63}],"parameters":[],"attachmentsCount":2,"shouldDisplayMessage":true,"stepsCount":0,"attachmentStep":false,"hasContent":true},"afterStages":[{"name":"browser_setup::0","time":{"start":1770271634122,"stop":1770271636739,"duration":2617},"status":"passed","steps":[],"attachments":[],"parameters":[],"attachmentsCount":0,"shouldDisplayMessage":false,"stepsCount":0,"attachmentStep":false,"hasContent":false},{"name":"browser_setup::0","time":{"start":1770271708943,"stop":1770271711195,"duration":2252},"status":"passed","steps":[],"attachments":[],"parameters":[],"attachmentsCount":0,"shouldDisplayMessage":false,"stepsCount":0,"attachmentStep":false,"hasContent":false}],"labels":[{"name":"tag","value":"smoke"},{"name":"parentSuite","value":"testcases"},{"name":"suite","value":"test_CredKart_User_Profile_001"},{"name":"subSuite","value":"Test_User_Profile"},{"name":"host","value":"DESKTOP-QNNS6AQ"},{"name":"thread","value":"12876-MainThread"},{"name":"framework","value":"pytest"},{"name":"language","value":"cpython3"},{"name":"package","value":"testcases.test_CredKart_User_Profile_001"},{"name":"resultFormat","value":"allure2"}],"parameters":[],"links":[],"hidden":true,"retry":true,"extra":{"categories":[],"tags":["smoke"]},"source":"92cf5abfd9896d4b.json","parameterValues":[]}